<?xml version="1.0" encoding="UTF-8"?>
<!-- Generated by org.testng.reporters.JUnitXMLReporter -->
<testsuite ignored="0" hostname="DESKTOP-8T77MDJ" failures="7" tests="11" name="Test" time="5.189" errors="0" timestamp="2024-12-03T14:23:44 IST">
  <testcase classname="testautomationZineUrl.control.TestController" name="GetUser" time="0.296">
    <failure type="java.lang.RuntimeException" message="Critical test &amp;apos;User Fetched Successfully&amp;apos; failed.">
      <![CDATA[java.lang.RuntimeException: Critical test 'User Fetched Successfully' failed.
at testautomationZineUrl.control.TestController.GetUser(TestController.java:586)
at java.base/java.util.concurrent.ThreadPoolExecutor.runWorker(ThreadPoolExecutor.java:1144)
at java.base/java.util.concurrent.ThreadPoolExecutor$Worker.run(ThreadPoolExecutor.java:642)
at java.base/java.lang.Thread.run(Thread.java:1570)
... Removed 10 stack frames]]>
    </failure>
  </testcase> <!-- GetUser -->
  <testcase classname="testautomationZineUrl.control.TestController" name="UpdateUser" time="0.012">
    <failure type="java.lang.RuntimeException" message="Critical test &amp;apos;User Updated Successfully&amp;apos; failed.">
      <![CDATA[java.lang.RuntimeException: Critical test 'User Updated Successfully' failed.
at testautomationZineUrl.control.TestController.UpdateUser(TestController.java:687)
at java.base/java.util.concurrent.ThreadPoolExecutor.runWorker(ThreadPoolExecutor.java:1144)
at java.base/java.util.concurrent.ThreadPoolExecutor$Worker.run(ThreadPoolExecutor.java:642)
at java.base/java.lang.Thread.run(Thread.java:1570)
... Removed 10 stack frames]]>
    </failure>
  </testcase> <!-- UpdateUser -->
  <testcase classname="testautomationZineUrl.control.TestController" name="GetTemplate" time="0.008">
    <failure type="java.lang.RuntimeException" message="Critical test &amp;apos;User Fetched Successfully&amp;apos; failed.">
      <![CDATA[java.lang.RuntimeException: Critical test 'User Fetched Successfully' failed.
at testautomationZineUrl.control.TestController.GetTemplate(TestController.java:790)
at java.base/java.util.concurrent.ThreadPoolExecutor.runWorker(ThreadPoolExecutor.java:1144)
at java.base/java.util.concurrent.ThreadPoolExecutor$Worker.run(ThreadPoolExecutor.java:642)
at java.base/java.lang.Thread.run(Thread.java:1570)
... Removed 10 stack frames]]>
    </failure>
  </testcase> <!-- GetTemplate -->
  <testcase classname="testautomationZineUrl.control.TestController" name="CreateZine" time="0.003">
    <failure type="java.lang.RuntimeException" message="Critical test &amp;apos;Zine Created Successfully&amp;apos; failed.">
      <![CDATA[java.lang.RuntimeException: Critical test 'Zine Created Successfully' failed.
at testautomationZineUrl.control.TestController.CreateZine(TestController.java:893)
at java.base/java.util.concurrent.ThreadPoolExecutor.runWorker(ThreadPoolExecutor.java:1144)
at java.base/java.util.concurrent.ThreadPoolExecutor$Worker.run(ThreadPoolExecutor.java:642)
at java.base/java.lang.Thread.run(Thread.java:1570)
... Removed 10 stack frames]]>
    </failure>
  </testcase> <!-- CreateZine -->
  <testcase classname="testautomationZineUrl.control.TestController" name="GetCompleteZine" time="0.005">
    <failure type="java.lang.RuntimeException" message="Critical test &amp;apos;Zine Fetched Successfully&amp;apos; failed.">
      <![CDATA[java.lang.RuntimeException: Critical test 'Zine Fetched Successfully' failed.
at testautomationZineUrl.control.TestController.GetCompleteZine(TestController.java:996)
at java.base/java.util.concurrent.ThreadPoolExecutor.runWorker(ThreadPoolExecutor.java:1144)
at java.base/java.util.concurrent.ThreadPoolExecutor$Worker.run(ThreadPoolExecutor.java:642)
at java.base/java.lang.Thread.run(Thread.java:1570)
... Removed 10 stack frames]]>
    </failure>
  </testcase> <!-- GetCompleteZine -->
  <testcase classname="testautomationZineUrl.control.TestController" name="GetAllSqlZine" time="0.004">
    <failure type="java.lang.RuntimeException" message="Critical test &amp;apos;All Sql Zine Fetched Successfully&amp;apos; failed.">
      <![CDATA[java.lang.RuntimeException: Critical test 'All Sql Zine Fetched Successfully' failed.
at testautomationZineUrl.control.TestController.GetAllSqlZine(TestController.java:1099)
at java.base/java.util.concurrent.ThreadPoolExecutor.runWorker(ThreadPoolExecutor.java:1144)
at java.base/java.util.concurrent.ThreadPoolExecutor$Worker.run(ThreadPoolExecutor.java:642)
at java.base/java.lang.Thread.run(Thread.java:1570)
... Removed 10 stack frames]]>
    </failure>
  </testcase> <!-- GetAllSqlZine -->
  <testcase classname="testautomationZineUrl.control.TestController" name="GetOthersZine" time="0.005"/>
  <testcase classname="testautomationZineUrl.control.TestController" name="FetchOwnZine" time="0.003">
    <failure type="java.lang.RuntimeException" message="Critical test &amp;apos;Own Zine Fetched&amp;apos; failed.">
      <![CDATA[java.lang.RuntimeException: Critical test 'Own Zine Fetched' failed.
at testautomationZineUrl.control.TestController.FetchOwnZine(TestController.java:1304)
at java.base/java.util.concurrent.ThreadPoolExecutor.runWorker(ThreadPoolExecutor.java:1144)
at java.base/java.util.concurrent.ThreadPoolExecutor$Worker.run(ThreadPoolExecutor.java:642)
at java.base/java.lang.Thread.run(Thread.java:1570)
... Removed 10 stack frames]]>
    </failure>
  </testcase> <!-- FetchOwnZine -->
  <testcase classname="testautomationZineUrl.control.TestController" name="VerifyOtp" time="3.033"/>
  <testcase classname="testautomationZineUrl.control.TestController" name="NewUserRegister" time="3.435"/>
  <testcase classname="testautomationZineUrl.control.TestController" name="Login" time="5.17"/>
</testsuite> <!-- Test -->
