<?xml version="1.0" encoding="UTF-8"?>
<!-- Generated by org.testng.reporters.JUnitReportReporter -->
<testsuite hostname="DESKTOP-8T77MDJ" failures="0" tests="12" name="automationZineUrl.testcontrol.TestController" time="23.720" errors="1" timestamp="2024-12-02T16:47:20 IST" skipped="0">
  <testcase classname="automationZineUrl.testcontrol.TestController" name="NewUserRegister" time="4.861"/>
  <system-out/>
  <testcase classname="automationZineUrl.testcontrol.TestController" name="VerifyOtp" time="3.170"/>
  <system-out/>
  <testcase classname="automationZineUrl.testcontrol.TestController" name="Login" time="4.408"/>
  <system-out/>
  <testcase classname="automationZineUrl.testcontrol.TestController" name="getuser" time="1.423"/>
  <system-out/>
  <testcase classname="automationZineUrl.testcontrol.TestController" name="updateUser" time="2.761"/>
  <system-out/>
  <testcase classname="automationZineUrl.testcontrol.TestController" name="getTemplate" time="1.738"/>
  <system-out/>
  <testcase classname="automationZineUrl.testcontrol.TestController" name="createZine" time="0.617">
    <error message="Critical test &#039;Zine Created Successfully&#039; failed." type="java.lang.RuntimeException">
      <![CDATA[java.lang.RuntimeException: Critical test 'Zine Created Successfully' failed.
at automationZineUrl.testcontrol.TestController.createZine(TestController.java:721)
at java.base/jdk.internal.reflect.DirectMethodHandleAccessor.invoke(DirectMethodHandleAccessor.java:103)
at java.base/java.lang.reflect.Method.invoke(Method.java:580)
at org.testng.internal.MethodInvocationHelper.invokeMethod(MethodInvocationHelper.java:133)
at org.testng.internal.TestInvoker.invokeMethod(TestInvoker.java:598)
at org.testng.internal.TestInvoker.invokeTestMethod(TestInvoker.java:173)
at org.testng.internal.MethodRunner.runInSequence(MethodRunner.java:46)
at org.testng.internal.TestInvoker$MethodInvocationAgent.invoke(TestInvoker.java:824)
at org.testng.internal.TestInvoker.invokeTestMethods(TestInvoker.java:146)
at org.testng.internal.TestMethodWorker.invokeTestMethods(TestMethodWorker.java:146)
at org.testng.internal.TestMethodWorker.run(TestMethodWorker.java:128)
at java.base/java.util.ArrayList.forEach(ArrayList.java:1597)
at org.testng.TestRunner.privateRun(TestRunner.java:794)
at org.testng.TestRunner.run(TestRunner.java:596)
at org.testng.SuiteRunner.runTest(SuiteRunner.java:377)
at org.testng.SuiteRunner.runSequentially(SuiteRunner.java:371)
at org.testng.SuiteRunner.privateRun(SuiteRunner.java:332)
at org.testng.SuiteRunner.run(SuiteRunner.java:276)
at org.testng.SuiteRunnerWorker.runSuite(SuiteRunnerWorker.java:53)
at org.testng.SuiteRunnerWorker.run(SuiteRunnerWorker.java:96)
at org.testng.TestNG.runSuitesSequentially(TestNG.java:1212)
at org.testng.TestNG.runSuitesLocally(TestNG.java:1134)
at org.testng.TestNG.runSuites(TestNG.java:1063)
at org.testng.TestNG.run(TestNG.java:1031)
at org.testng.remote.AbstractRemoteTestNG.run(AbstractRemoteTestNG.java:115)
at org.testng.remote.RemoteTestNG.initAndRun(RemoteTestNG.java:293)
at org.testng.remote.RemoteTestNG.main(RemoteTestNG.java:91)
]]>
    </error>
  </testcase> <!-- createZine -->
  <system-out/>
  <testcase classname="automationZineUrl.testcontrol.TestController" name="GetCompleteZine" time="1.664"/>
  <system-out/>
  <testcase classname="automationZineUrl.testcontrol.TestController" name="GetAllSQLZine" time="0.583"/>
  <system-out/>
  <testcase classname="automationZineUrl.testcontrol.TestController" name="GetOthersZine" time="1.421"/>
  <system-out/>
  <testcase classname="automationZineUrl.testcontrol.TestController" name="FetchOwnZine" time="1.042"/>
  <system-out/>
  <testcase classname="automationZineUrl.testcontrol.TestController" name="printAllRecords" time="0.032"/>
  <system-out/>
</testsuite> <!-- automationZineUrl.testcontrol.TestController -->
